2022.01.29 13:28 B E:\ilearningsystem.com\templates_c\11718cbcff76d03b0e886179f8a613aa3d29065e.file.indexstudentjob2021.tpl.php <-- mylearningsystem.com /mylearni/templates_c 11718cbcff76d03b0e886179f8a613aa3d29065e.file.indexstudentjob2021.tpl.php
2022.01.29 13:28 B E:\ilearningsystem.com\templates_c\1e3156e0b332257e288cb270ea6ca3d2bfdf4b4e.file.smart_student_flashcard.tpl.php <-- mylearningsystem.com /mylearni/templates_c 1e3156e0b332257e288cb270ea6ca3d2bfdf4b4e.file.smart_student_flashcard.tpl.php
2022.01.29 13:28 B E:\ilearningsystem.com\templates_c\216759a5cf8922365628c2a2aa0bee8661f5e1d8.file.smart_admin_edufeed.tpl.php <-- mylearningsystem.com /mylearni/templates_c 216759a5cf8922365628c2a2aa0bee8661f5e1d8.file.smart_admin_edufeed.tpl.php
2022.01.29 13:28 B E:\ilearningsystem.com\templates_c\2bfd22ec363d0ab75963d8e6b40eb05f77da552f.file.headerboot.tpl.php <-- mylearningsystem.com /mylearni/templates_c 2bfd22ec363d0ab75963d8e6b40eb05f77da552f.file.headerboot.tpl.php
2022.01.29 13:28 B E:\ilearningsystem.com\templates_c\2ffc46d3a726d7a0c5461d63aaa3bd015f95e5d6.file.smart_account_activelessons.tpl.php <-- mylearningsystem.com /mylearni/templates_c 2ffc46d3a726d7a0c5461d63aaa3bd015f95e5d6.file.smart_account_activelessons.tpl.php
2022.01.29 13:28 B E:\ilearningsystem.com\templates_c\3eb4d2506a5852f2b7a3229bc5e22211436dc79a.file.report_admin_lessonbookformstudent.tpl.php <-- mylearningsystem.com /mylearni/templates_c 3eb4d2506a5852f2b7a3229bc5e22211436dc79a.file.report_admin_lessonbookformstudent.tpl.php
2022.01.29 13:28 B E:\ilearningsystem.com\templates_c\40aa096e9922eb4ac51760a4a2b90cef0b7ca23c.file.indexstudentgame2021.tpl.php <-- mylearningsystem.com /mylearni/templates_c 40aa096e9922eb4ac51760a4a2b90cef0b7ca23c.file.indexstudentgame2021.tpl.php
2022.01.29 13:28 B E:\ilearningsystem.com\templates_c\44dc478003c53af7f669e413a866d08c1b6b745f.file.student_conceptviewfinal2021.tpl.php <-- mylearningsystem.com /mylearni/templates_c 44dc478003c53af7f669e413a866d08c1b6b745f.file.student_conceptviewfinal2021.tpl.php
2022.01.29 13:28 B E:\ilearningsystem.com\templates_c\4df4255317f1f66d802b29cb5ee931ee820447f1.file.smart_admin_staff.tpl.php <-- mylearningsystem.com /mylearni/templates_c 4df4255317f1f66d802b29cb5ee931ee820447f1.file.smart_admin_staff.tpl.php
2022.01.29 13:28 B E:\ilearningsystem.com\templates_c\4eb6dad84f7cdcc4c21ce91d1e468de5ccc4709a.file.indexstudentgrade2021.tpl.php <-- mylearningsystem.com /mylearni/templates_c 4eb6dad84f7cdcc4c21ce91d1e468de5ccc4709a.file.indexstudentgrade2021.tpl.php
2022.01.29 13:28 B E:\ilearningsystem.com\templates_c\5a9c55753dc61ee55e4de39551b8f9df16c4fcfd.file.smart_admin_parents.tpl.php <-- mylearningsystem.com /mylearni/templates_c 5a9c55753dc61ee55e4de39551b8f9df16c4fcfd.file.smart_admin_parents.tpl.php
2022.01.29 13:28 B E:\ilearningsystem.com\templates_c\5b0668f65f73128f67f4292d1b71aad7afc7c17e.file.student_lessonview2021.tpl.php <-- mylearningsystem.com /mylearni/templates_c 5b0668f65f73128f67f4292d1b71aad7afc7c17e.file.student_lessonview2021.tpl.php
2022.01.29 13:28 B E:\ilearningsystem.com\templates_c\6c33c38878b143664d734bc32fdcfad5a89e99ff.file.smart_admin_teachers.tpl.php <-- mylearningsystem.com /mylearni/templates_c 6c33c38878b143664d734bc32fdcfad5a89e99ff.file.smart_admin_teachers.tpl.php
2022.01.29 13:28 B E:\ilearningsystem.com\templates_c\6ee69d7939d0b203de0a83f21b5155ea01947bbd.test.conf.config.php <-- mylearningsystem.com /mylearni/templates_c 6ee69d7939d0b203de0a83f21b5155ea01947bbd.test.conf.config.php
2022.01.29 13:28 B E:\ilearningsystem.com\templates_c\7fc9dcee2ca221fe58245bd6f7f0c813bb63b401.file.smart_admin_schools.tpl.php <-- mylearningsystem.com /mylearni/templates_c 7fc9dcee2ca221fe58245bd6f7f0c813bb63b401.file.smart_admin_schools.tpl.php
2022.01.29 13:28 B E:\ilearningsystem.com\templates_c\85f98fbce22fe67a5661066f7263b9d9dc9e1938.file.indexstudent2021.tpl.php <-- mylearningsystem.com /mylearni/templates_c 85f98fbce22fe67a5661066f7263b9d9dc9e1938.file.indexstudent2021.tpl.php
2022.01.29 13:28 B E:\ilearningsystem.com\templates_c\a1afb6b0d05dc3783112fa4fc56fe155ca575e32.file.smart_admin_students.tpl.php <-- mylearningsystem.com /mylearni/templates_c a1afb6b0d05dc3783112fa4fc56fe155ca575e32.file.smart_admin_students.tpl.php
2022.01.29 13:28 B E:\ilearningsystem.com\templates_c\a3d4666cb48cd025b2d0ad5aec596a41e0af892c.file.smart_admin_lessons.tpl.php <-- mylearningsystem.com /mylearni/templates_c a3d4666cb48cd025b2d0ad5aec596a41e0af892c.file.smart_admin_lessons.tpl.php
2022.01.29 13:28 B E:\ilearningsystem.com\templates_c\a55335bcf405a2e3d514462b268f9876f3383291.file.headerlogin.tpl.php <-- mylearningsystem.com /mylearni/templates_c a55335bcf405a2e3d514462b268f9876f3383291.file.headerlogin.tpl.php
2022.01.29 13:28 B E:\ilearningsystem.com\templates_c\a7b65678546a63bbaeb2f66a01f22a2f9f7082d3.file.student_login2021.tpl.php <-- mylearningsystem.com /mylearni/templates_c a7b65678546a63bbaeb2f66a01f22a2f9f7082d3.file.student_login2021.tpl.php
2022.01.29 13:28 B E:\ilearningsystem.com\templates_c\ae904d31da24c7fb5c45ab6ccee37e83e79ca2c4.file.student_classview2021.tpl.php <-- mylearningsystem.com /mylearni/templates_c ae904d31da24c7fb5c45ab6ccee37e83e79ca2c4.file.student_classview2021.tpl.php
2022.01.29 13:28 B E:\ilearningsystem.com\templates_c\b186bf42798e611f406c1479d2ab82c0ff71956e.file.footer.tpl.php <-- mylearningsystem.com /mylearni/templates_c b186bf42798e611f406c1479d2ab82c0ff71956e.file.footer.tpl.php
2022.01.29 13:28 B E:\ilearningsystem.com\templates_c\b8a81508cb99162059a70399611e914fe0510fe7.file.smart_admin_login.tpl.php <-- mylearningsystem.com /mylearni/templates_c b8a81508cb99162059a70399611e914fe0510fe7.file.smart_admin_login.tpl.php
2022.01.29 13:28 B E:\ilearningsystem.com\templates_c\b8d4212e4696b104178fdad9b65be79738ad9e76.file.smart_admin_classes.tpl.php <-- mylearningsystem.com /mylearni/templates_c b8d4212e4696b104178fdad9b65be79738ad9e76.file.smart_admin_classes.tpl.php
2022.01.29 13:28 B E:\ilearningsystem.com\templates_c\b8d9b0917b9a195a2e68df5ad44ab59384659138.file.student_concepttestview2021.tpl.php <-- mylearningsystem.com /mylearni/templates_c b8d9b0917b9a195a2e68df5ad44ab59384659138.file.student_concepttestview2021.tpl.php
2022.01.29 13:28 B E:\ilearningsystem.com\templates_c\c06ef3a2751049f7d44f8d12a43b5181bf9914b0.file.student_conceptview2021.tpl.php <-- mylearningsystem.com /mylearni/templates_c c06ef3a2751049f7d44f8d12a43b5181bf9914b0.file.student_conceptview2021.tpl.php
2022.01.29 13:28 B E:\ilearningsystem.com\templates_c\c3e09b7d301a32883b858b9c288bdc1ff7ff5593.file.smart_account_classlessons.tpl.php <-- mylearningsystem.com /mylearni/templates_c c3e09b7d301a32883b858b9c288bdc1ff7ff5593.file.smart_account_classlessons.tpl.php
2022.01.29 13:28 B E:\ilearningsystem.com\templates_c\ca7ed0ffc1880d34e98ee056fa446d8a0f5ca5af.file.index.tpl.php <-- mylearningsystem.com /mylearni/templates_c ca7ed0ffc1880d34e98ee056fa446d8a0f5ca5af.file.index.tpl.php
2022.01.29 13:28 B E:\ilearningsystem.com\templates_c\d254327df8e1396661a115444cf7608762e06a86.file.header.tpl.php <-- mylearningsystem.com /mylearni/templates_c d254327df8e1396661a115444cf7608762e06a86.file.header.tpl.php
2022.01.29 13:28 B E:\ilearningsystem.com\templates_c\d452c3320f96cb9f22f7aef5c336c3bb9ddcc001.file.smart_account_classview.tpl.php <-- mylearningsystem.com /mylearni/templates_c d452c3320f96cb9f22f7aef5c336c3bb9ddcc001.file.smart_account_classview.tpl.php
2022.01.29 13:28 B E:\ilearningsystem.com\templates_c\e2cfcdfdcd33453ede18f624a76040d5b159278d.file.indexstudentbank2021.tpl.php <-- mylearningsystem.com /mylearni/templates_c e2cfcdfdcd33453ede18f624a76040d5b159278d.file.indexstudentbank2021.tpl.php
2022.01.29 13:28 B E:\ilearningsystem.com\templates_c\eadb17e9a75193cf3d9d5ed407bf840ebca172f6.file.indexstudentstock2021.tpl.php <-- mylearningsystem.com /mylearni/templates_c eadb17e9a75193cf3d9d5ed407bf840ebca172f6.file.indexstudentstock2021.tpl.php
